                        .module chinese_12x12.c
                        .area text(rom, con, rel)
 0000                   .dbfile chinese_12x12.c
                        .area lit(rom, con, rel)
 0000           _chinese_12_len::
 0000 1A                .byte 26
 0001                   .dbfile C:\Users\ASUS\Desktop\AircraftWar\chinese_12x12.c
 0001                   .dbsym e chinese_12_len _chinese_12_len kc
 0001           _chinese_12::
 0001 A1B7              .byte 161,183
 0003 0000              .byte 0,0
 0005 0018              .byte 0,24
 0007 6080              .byte 96,128
 0009 1860              .byte 24,96
 000B 8000              .byte 128,0
 000D 0000              .byte 0,0
 000F 0000              .byte 0,0
 0011 000C              .byte 0,12
 0013 0300              .byte 3,0
 0015 0C03              .byte 12,3
 0017 0000              .byte 0,0
 0019 0000              .byte 0,0
 001B D2BB              .byte 210,187
 001D 0000              .byte 0,0
 001F 0000              .byte 0,0
 0021 0000              .byte 0,0
 0023 0000              .byte 0,0
 0025 0000              .byte 0,0
 0027 0000              .byte 0,0
 0029 0101              .byte 1,1
 002B 0101              .byte 1,1
 002D 0101              .byte 1,1
 002F 0101              .byte 1,1
 0031 0101              .byte 1,1
 0033 0100              .byte 1,0
 0035 B6FE              .byte 182,254
 0037 0010              .byte 0,16
 0039 1010              .byte 16,16
 003B 1010              .byte 16,16
 003D 1010              .byte 16,16
 003F 1010              .byte 16,16
 0041 0000              .byte 0,0
 0043 1010              .byte 16,16
 0045 1010              .byte 16,16
 0047 1010              .byte 16,16
 0049 1010              .byte 16,16
 004B 1010              .byte 16,16
 004D 1000              .byte 16,0
 004F C8FD              .byte 200,253
 0051 0008              .byte 0,8
 0053 0808              .byte 8,8
 0055 0808              .byte 8,8
 0057 0808              .byte 8,8
 0059 0808              .byte 8,8
 005B 0000              .byte 0,0
 005D 2020              .byte 32,32
 005F 2121              .byte 33,33
 0061 2121              .byte 33,33
 0063 2121              .byte 33,33
 0065 2120              .byte 33,32
 0067 2000              .byte 32,0
 0069 A1A2              .byte 161,162
 006B 0000              .byte 0,0
 006D 0000              .byte 0,0
 006F 0000              .byte 0,0
 0071 0000              .byte 0,0
 0073 0000              .byte 0,0
 0075 0000              .byte 0,0
 0077 0000              .byte 0,0
 0079 0000              .byte 0,0
 007B 0418              .byte 4,24
 007D 3000              .byte 48,0
 007F 0000              .byte 0,0
 0081 0000              .byte 0,0
 0083 BCC6              .byte 188,198
 0085 4044              .byte 64,'D
 0087 C800              .byte 200,0
 0089 8080              .byte 128,128
 008B 80FC              .byte 128,252
 008D 8080              .byte 128,128
 008F 8000              .byte 128,0
 0091 0000              .byte 0,0
 0093 1F08              .byte 31,8
 0095 0400              .byte 4,0
 0097 003F              .byte 0,63
 0099 0000              .byte 0,0
 009B 0000              .byte 0,0
 009D CAB1              .byte 202,177
 009F F888              .byte 248,136
 00A1 88F8              .byte 136,248
 00A3 0020              .byte 0,32
 00A5 2020              .byte 32,32
 00A7 20FC              .byte 32,252
 00A9 2000              .byte 32,0
 00AB 1F08              .byte 31,8
 00AD 081F              .byte 8,31
 00AF 0000              .byte 0,0
 00B1 0126              .byte 1,38
 00B3 203F              .byte 32,63
 00B5 0000              .byte 0,0
 00B7 C6F7              .byte 198,247
 00B9 809C              .byte 128,156
 00BB 9494              .byte 148,148
 00BD 9CE0              .byte 156,224
 00BF 9C94              .byte 156,148
 00C1 B4DC              .byte 180,220
 00C3 8000              .byte 128,0
 00C5 043C              .byte 4,60
 00C7 2A2A              .byte 42,42
 00C9 3900              .byte 57,0
 00CB 392A              .byte 57,42
 00CD 2A3C              .byte 42,60
 00CF 0400              .byte 4,0
 00D1 D2F4              .byte 210,244
 00D3 4048              .byte 64,'H
 00D5 5868              .byte 'X,'h
 00D7 484C              .byte 'H,'L
 00D9 4868              .byte 'H,'h
 00DB 5848              .byte 'X,'H
 00DD 4000              .byte 64,0
 00DF 003F              .byte 0,63
 00E1 1515              .byte 21,21
 00E3 1515              .byte 21,21
 00E5 1515              .byte 21,21
 00E7 153F              .byte 21,63
 00E9 0000              .byte 0,0
 00EB C0D6              .byte 192,214
 00ED 00F8              .byte 0,248
 00EF 8888              .byte 136,136
 00F1 88E8              .byte 136,232
 00F3 8484              .byte 132,132
 00F5 8480              .byte 132,128
 00F7 0000              .byte 0,0
 00F9 1008              .byte 16,8
 00FB 0620              .byte 6,32
 00FD 203F              .byte 32,63
 00FF 0000              .byte 0,0
 0101 0204              .byte 2,4
 0103 1800              .byte 24,0
 0105 BAD0              .byte 186,208
 0107 2020              .byte 32,32
 0109 90B0              .byte 144,176
 010B A8A4              .byte 168,164
 010D A8B0              .byte 168,176
 010F 9020              .byte 144,32
 0111 2000              .byte 32,0
 0113 2038              .byte 32,56
 0115 2B2A              .byte 43,42
 0117 3A2A              .byte 58,42
 0119 3A2A              .byte 58,42
 011B 2B38              .byte 43,56
 011D 2000              .byte 32,0
 011F D3CE              .byte 211,206
 0121 8810              .byte 136,16
 0123 10F4              .byte 16,244
 0125 9890              .byte 152,144
 0127 205C              .byte 32,92
 0129 50D0              .byte 'P,208
 012B 1000              .byte 16,0
 012D 1009              .byte 16,9
 012F 201F              .byte 32,31
 0131 203F              .byte 32,63
 0133 0222              .byte 2,34
 0135 3F02              .byte 63,2
 0137 0200              .byte 2,0
 0139 CFB7              .byte 207,183
 013B 5090              .byte 'P,144
 013D 1090              .byte 16,144
 013F 7040              .byte 'p,64
 0141 40FC              .byte 64,252
 0143 20A4              .byte 32,164
 0145 2800              .byte 40,0
 0147 2019              .byte 32,25
 0149 0619              .byte 6,25
 014B 0020              .byte 0,32
 014D 100B              .byte 16,11
 014F 0C13              .byte 12,19
 0151 3800              .byte 56,0
 0153 D5FD              .byte 213,253
 0155 0008              .byte 0,8
 0157 8808              .byte 136,8
 0159 08F8              .byte 8,248
 015B 0808              .byte 8,8
 015D 0808              .byte 8,8
 015F 0000              .byte 0,0
 0161 2020              .byte 32,32
 0163 3F20              .byte 63,32
 0165 203F              .byte 32,63
 0167 2121              .byte 33,33
 0169 2121              .byte 33,33
 016B 2000              .byte 32,0
 016D D4DA              .byte 212,218
 016F 1010              .byte 16,16
 0171 9070              .byte 144,'p
 0173 1C10              .byte 28,16
 0175 10D0              .byte 16,208
 0177 1010              .byte 16,16
 0179 1000              .byte 16,0
 017B 0201              .byte 2,1
 017D 3F00              .byte 63,0
 017F 2022              .byte 32,34
 0181 223F              .byte 34,63
 0183 2222              .byte 34,34
 0185 2000              .byte 32,0
 0187 B2A5              .byte 178,165
 0189 20FC              .byte 32,252
 018B 2058              .byte 32,'X
 018D E848              .byte 232,'H
 018F F844              .byte 248,'D
 0191 E454              .byte 228,'T
 0193 4000              .byte 64,0
 0195 223F              .byte 34,63
 0197 013F              .byte 1,63
 0199 2A2A              .byte 42,42
 019B 3E2A              .byte 62,42
 019D 2A3F              .byte 42,63
 019F 0200              .byte 2,0
 01A1 B7C5              .byte 183,197
 01A3 20E4              .byte 32,228
 01A5 2820              .byte 40,32
 01A7 2080              .byte 32,128
 01A9 40BC              .byte 64,188
 01AB 20E0              .byte 32,224
 01AD 2000              .byte 32,0
 01AF 201F              .byte 32,31
 01B1 0121              .byte 1,33
 01B3 3F00              .byte 63,0
 01B5 2017              .byte 32,23
 01B7 0817              .byte 8,23
 01B9 2000              .byte 32,0
 01BB A3BA              .byte 163,186
 01BD 0000              .byte 0,0
 01BF C0C0              .byte 192,192
 01C1 0000              .byte 0,0
 01C3 0000              .byte 0,0
 01C5 0000              .byte 0,0
 01C7 0000              .byte 0,0
 01C9 0000              .byte 0,0
 01CB 0C0C              .byte 12,12
 01CD 0000              .byte 0,0
 01CF 0000              .byte 0,0
 01D1 0000              .byte 0,0
 01D3 0000              .byte 0,0
 01D5 D0C7              .byte 208,199
 01D7 007C              .byte 0,124
 01D9 5454              .byte 'T,'T
 01DB 54D4              .byte 'T,212
 01DD 5454              .byte 'T,'T
 01DF 547C              .byte 'T,124
 01E1 0000              .byte 0,0
 01E3 2423              .byte 36,35
 01E5 2A2A              .byte 42,42
 01E7 2A3F              .byte 42,63
 01E9 2A2A              .byte 42,42
 01EB 2A22              .byte 42,34
 01ED 2000              .byte 32,0
 01EF D6AE              .byte 214,174
 01F1 0020              .byte 0,32
 01F3 2020              .byte 32,32
 01F5 2428              .byte 36,40
 01F7 20A0              .byte 32,160
 01F9 6020              .byte 96,32
 01FB 0000              .byte 0,0
 01FD 0020              .byte 0,32
 01FF 1008              .byte 16,8
 0201 1422              .byte 20,34
 0203 2120              .byte 33,32
 0205 2020              .byte 32,32
 0207 2000              .byte 32,0
 0209 CBF9              .byte 203,249
 020B 00F8              .byte 0,248
 020D 4848              .byte 'H,'H
 020F C400              .byte 196,0
 0211 F848              .byte 248,'H
 0213 48C4              .byte 'H,196
 0215 4400              .byte 'D,0
 0217 201F              .byte 32,31
 0219 0202              .byte 2,2
 021B 2710              .byte 39,16
 021D 0F00              .byte 15,0
 021F 003F              .byte 0,63
 0221 0000              .byte 0,0
 0223 C3CE              .byte 195,206
 0225 4828              .byte 'H,40
 0227 FC28              .byte 252,40
 0229 4800              .byte 'H,0
 022B 4828              .byte 'H,40
 022D FC28              .byte 252,40
 022F 4800              .byte 'H,0
 0231 2024              .byte 32,36
 0233 242A              .byte 36,42
 0235 1312              .byte 19,18
 0237 120A              .byte 18,10
 0239 0A06              .byte 10,6
 023B 0000              .byte 0,0
 023D D6D0              .byte 214,208
 023F 00E0              .byte 0,224
 0241 2020              .byte 32,32
 0243 20FC              .byte 32,252
 0245 2020              .byte 32,32
 0247 20E0              .byte 32,224
 0249 0000              .byte 0,0
 024B 0007              .byte 0,7
 024D 0202              .byte 2,2
 024F 023F              .byte 2,63
 0251 0202              .byte 2,2
 0253 0207              .byte 2,7
 0255 0000              .byte 0,0
 0257 B5C4              .byte 181,196
 0259 F018              .byte 240,24
 025B 1410              .byte 20,16
 025D F040              .byte 240,64
 025F 209C              .byte 32,156
 0261 1010              .byte 16,16
 0263 F000              .byte 240,0
 0265 3F11              .byte 63,17
 0267 1111              .byte 17,17
 0269 3F00              .byte 63,0
 026B 0000              .byte 0,0
 026D 2320              .byte 35,32
 026F 1F00              .byte 31,0
 0271 BBE9              .byte 187,233
 0273 20E0              .byte 32,224
 0275 3CE0              .byte 60,224
 0277 00F8              .byte 0,248
 0279 A8A8              .byte 168,168
 027B 78A4              .byte 'x,164
 027D C000              .byte 192,0
 027F 2215              .byte 34,21
 0281 0837              .byte 8,55
 0283 003E              .byte 0,62
 0285 2A2A              .byte 42,42
 0287 2A3E              .byte 42,62
 0289 0100              .byte 1,0
 028B C0F1              .byte 192,241
 028D 1014              .byte 16,20
 028F D830              .byte 216,48
 0291 0000              .byte 0,0
 0293 FC00              .byte 252,0
 0295 0000              .byte 0,0
 0297 0000              .byte 0,0
 0299 0201              .byte 2,1
 029B 3F01              .byte 63,1
 029D 0200              .byte 2,0
 029F 1F20              .byte 31,32
 02A1 2020              .byte 32,32
 02A3 3C00              .byte 60,0
 02A5                   .dbstruct 0 26 .1
 02A5                   .dbfield 0 value A[2:2]c
 02A5                   .dbfield 2 data A[24:24]c
 02A5                   .dbend
 02A5                   .dbsym e chinese_12 _chinese_12 A[676:26]kS[.1]
 02A5           ; 
 02A5           ;  
 02A5           ; #include "chinese_12x12.h"
 02A5           ; 
 02A5           ; const unsigned char chinese_12_len = sizeof(chinese_12)/sizeof(chinese_12[0]);
 02A5           ; const HZZM_12 chinese_12[26] = 
 02A5           ; {
 02A5           ;       {
 02A5           ;       "》",
 02A5           ;       {0x00,0x00,0x00,0x18,0x60,0x80,0x18,0x60,0x80,0x00,0x00,0x00,
 02A5           ;     0x00,0x00,0x00,0x0C,0x03,0x00,0x0C,0x03,0x00,0x00,0x00,0x00}
 02A5           ;       },
 02A5           ;       
 02A5           ;       {
 02A5           ;        "一",
 02A5           ;       {0x00,0x00,0x00,0x00,0x00,0x00,0x00,0x00,0x00,0x00,0x00,0x00,
 02A5           ;     0x01,0x01,0x01,0x01,0x01,0x01,0x01,0x01,0x01,0x01,0x01,0x00}
 02A5           ;       },
 02A5           ;       
 02A5           ;       {
 02A5           ;       "二",
 02A5           ;     {0x00,0x10,0x10,0x10,0x10,0x10,0x10,0x10,0x10,0x10,0x00,0x00,
 02A5           ;     0x10,0x10,0x10,0x10,0x10,0x10,0x10,0x10,0x10,0x10,0x10,0x00}
 02A5           ;       },
 02A5           ;       
 02A5           ;       {
 02A5           ;       "三",
 02A5           ;     {0x00,0x08,0x08,0x08,0x08,0x08,0x08,0x08,0x08,0x08,0x00,0x00,
 02A5           ;     0x20,0x20,0x21,0x21,0x21,0x21,0x21,0x21,0x21,0x20,0x20,0x00}
 02A5           ;       },
 02A5           ;       
 02A5           ;       {
 02A5           ;       "、",
 02A5           ;       {0x00,0x00,0x00,0x00,0x00,0x00,0x00,0x00,0x00,0x00,0x00,0x00,
 02A5           ;     0x00,0x00,0x00,0x00,0x04,0x18,0x30,0x00,0x00,0x00,0x00,0x00}
 02A5           ;       },
 02A5           ;       
 02A5           ;       {
 02A5           ;       "计",
 02A5           ;     {0x40,0x44,0xC8,0x00,0x80,0x80,0x80,0xFC,0x80,0x80,0x80,0x00,
 02A5           ;     0x00,0x00,0x1F,0x08,0x04,0x00,0x00,0x3F,0x00,0x00,0x00,0x00}
 02A5           ;       },
 02A5           ;       
 02A5           ;       {
 02A5           ;       "时",
 02A5           ;     {0xF8,0x88,0x88,0xF8,0x00,0x20,0x20,0x20,0x20,0xFC,0x20,0x00,
 02A5           ;     0x1F,0x08,0x08,0x1F,0x00,0x00,0x01,0x26,0x20,0x3F,0x00,0x00}
 02A5           ;       },
 02A5           ;       
 02A5           ;       {
 02A5           ;       "器",
 02A5           ;     {0x80,0x9C,0x94,0x94,0x9C,0xE0,0x9C,0x94,0xB4,0xDC,0x80,0x00,
 02A5           ;     0x04,0x3C,0x2A,0x2A,0x39,0x00,0x39,0x2A,0x2A,0x3C,0x04,0x00}
 02A5           ;       },
 02A5           ;       
 02A5           ;       {
 02A5           ;       "音",
 02A5           ;     {0x40,0x48,0x58,0x68,0x48,0x4C,0x48,0x68,0x58,0x48,0x40,0x00,
 02A5           ;     0x00,0x3F,0x15,0x15,0x15,0x15,0x15,0x15,0x15,0x3F,0x00,0x00}
 02A5           ;       },
 02A5           ;       
 02A5           ;       {
 02A5           ;       "乐",
 02A5           ;     {0x00,0xF8,0x88,0x88,0x88,0xE8,0x84,0x84,0x84,0x80,0x00,0x00,
 02A5           ;     0x10,0x08,0x06,0x20,0x20,0x3F,0x00,0x00,0x02,0x04,0x18,0x00}
 02A5           ;       },
 02A5           ;       
 02A5           ;       {
 02A5           ;       "盒",
 02A5           ;     {0x20,0x20,0x90,0xB0,0xA8,0xA4,0xA8,0xB0,0x90,0x20,0x20,0x00,
 02A5           ;     0x20,0x38,0x2B,0x2A,0x3A,0x2A,0x3A,0x2A,0x2B,0x38,0x20,0x00}
 02A5           ;       },
 02A5           ;       
 02A5           ;       {
 02A5           ;       "游",
 02A5           ;     {0x88,0x10,0x10,0xF4,0x98,0x90,0x20,0x5C,0x50,0xD0,0x10,0x00,
 02A5           ;     0x10,0x09,0x20,0x1F,0x20,0x3F,0x02,0x22,0x3F,0x02,0x02,0x00}
 02A5           ;       },
 02A5           ;       
 02A5           ;       {
 02A5           ;       "戏",
 02A5           ;     {0x50,0x90,0x10,0x90,0x70,0x40,0x40,0xFC,0x20,0xA4,0x28,0x00,
 02A5           ;     0x20,0x19,0x06,0x19,0x00,0x20,0x10,0x0B,0x0C,0x13,0x38,0x00}
 02A5           ;       },
 02A5           ;       
 02A5           ;       {
 02A5           ;       "正",
 02A5           ;     {0x00,0x08,0x88,0x08,0x08,0xF8,0x08,0x08,0x08,0x08,0x00,0x00,
 02A5           ;     0x20,0x20,0x3F,0x20,0x20,0x3F,0x21,0x21,0x21,0x21,0x20,0x00}
 02A5           ;       },
 02A5           ;       
 02A5           ;       {
 02A5           ;       "在",
 02A5           ;     {0x10,0x10,0x90,0x70,0x1C,0x10,0x10,0xD0,0x10,0x10,0x10,0x00,
 02A5           ;     0x02,0x01,0x3F,0x00,0x20,0x22,0x22,0x3F,0x22,0x22,0x20,0x00}
 02A5           ;       },
 02A5           ;       
 02A5           ;       {
 02A5           ;       "播",
 02A5           ;     {0x20,0xFC,0x20,0x58,0xE8,0x48,0xF8,0x44,0xE4,0x54,0x40,0x00,
 02A5           ;     0x22,0x3F,0x01,0x3F,0x2A,0x2A,0x3E,0x2A,0x2A,0x3F,0x02,0x00}
 02A5           ;       },
 02A5           ;       
 02A5           ;       {
 02A5           ;       "放",
 02A5           ;     {0x20,0xE4,0x28,0x20,0x20,0x80,0x40,0xBC,0x20,0xE0,0x20,0x00,
 02A5           ;     0x20,0x1F,0x01,0x21,0x3F,0x00,0x20,0x17,0x08,0x17,0x20,0x00}
 02A5           ;       },
 02A5           ;       
 02A5           ;       {
 02A5           ;       "：",
 02A5           ;     {0x00,0x00,0xC0,0xC0,0x00,0x00,0x00,0x00,0x00,0x00,0x00,0x00,
 02A5           ;     0x00,0x00,0x0C,0x0C,0x00,0x00,0x00,0x00,0x00,0x00,0x00,0x00}
 02A5           ;       },
 02A5           ;       
 02A5           ;       {
 02A5           ;       "星",
 02A5           ;       {0x00,0x7C,0x54,0x54,0x54,0xD4,0x54,0x54,0x54,0x7C,0x00,0x00,
 02A5           ;     0x24,0x23,0x2A,0x2A,0x2A,0x3F,0x2A,0x2A,0x2A,0x22,0x20,0x00}
 02A5           ;       },
 02A5           ;       
 02A5           ;       {
 02A5           ;       "之",
 02A5           ;     {0x00,0x20,0x20,0x20,0x24,0x28,0x20,0xA0,0x60,0x20,0x00,0x00,
 02A5           ;     0x00,0x20,0x10,0x08,0x14,0x22,0x21,0x20,0x20,0x20,0x20,0x00}
 02A5           ;       },
 02A5           ;       
 02A5           ;       {
 02A5           ;       "所",
 02A5           ;     {0x00,0xF8,0x48,0x48,0xC4,0x00,0xF8,0x48,0x48,0xC4,0x44,0x00,
 02A5           ;     0x20,0x1F,0x02,0x02,0x27,0x10,0x0F,0x00,0x00,0x3F,0x00,0x00}
 02A5           ;       },
 02A5           ;       
 02A5           ;       {
 02A5           ;       "梦",
 02A5           ;       {0x48,0x28,0xFC,0x28,0x48,0x00,0x48,0x28,0xFC,0x28,0x48,0x00,
 02A5           ;     0x20,0x24,0x24,0x2A,0x13,0x12,0x12,0x0A,0x0A,0x06,0x00,0x00}
 02A5           ;       },
 02A5           ;       
 02A5           ;       {
 02A5           ;       "中",
 02A5           ;     {0x00,0xE0,0x20,0x20,0x20,0xFC,0x20,0x20,0x20,0xE0,0x00,0x00,
 02A5           ;     0x00,0x07,0x02,0x02,0x02,0x3F,0x02,0x02,0x02,0x07,0x00,0x00}
 02A5           ;       },
 02A5           ;       
 02A5           ;       {
 02A5           ;       "的",
 02A5           ;     {0xF0,0x18,0x14,0x10,0xF0,0x40,0x20,0x9C,0x10,0x10,0xF0,0x00,
 02A5           ;     0x3F,0x11,0x11,0x11,0x3F,0x00,0x00,0x00,0x23,0x20,0x1F,0x00}
 02A5           ;       },
 02A5           ;       
 02A5           ;       {
 02A5           ;       "婚",
 02A5           ;     {0x20,0xE0,0x3C,0xE0,0x00,0xF8,0xA8,0xA8,0x78,0xA4,0xC0,0x00,
 02A5           ;     0x22,0x15,0x08,0x37,0x00,0x3E,0x2A,0x2A,0x2A,0x3E,0x01,0x00}
 02A5           ;       },
 02A5           ;       
 02A5           ;       {
 02A5           ;       "礼",
 02A5           ;     {0x10,0x14,0xD8,0x30,0x00,0x00,0xFC,0x00,0x00,0x00,0x00,0x00,
 02A5           ;     0x02,0x01,0x3F,0x01,0x02,0x00,0x1F,0x20,0x20,0x20,0x3C,0x00}
 02A5           ;       }
 02A5           ; 
 02A5           ;       
 02A5           ; };
 02A5           ; 
 02A5           ; #if 0
 02A5           ;  嵌(0) 入(1) 式(2) 信(3) 息(4) 终(5) 端(6)
 02A5           ; 
 02A5           ; {0x40,0xFC,0x50,0x50,0xF0,0x5C,0x90,0x70,0x50,0x5C,0xC0,0x00},
 02A5           ; {0x00,0x1F,0x0A,0x0A,0x1F,0x11,0x08,0x07,0x04,0x09,0x10,0x00},/*"嵌",0*/
 02A5           ; /* (12 X 14 , 宋体 )*/
 02A5           ; 
 02A5           ; {0x00,0x00,0x00,0x04,0xC4,0x38,0xC0,0x00,0x00,0x00,0x00,0x00},
 02A5           ; {0x10,0x08,0x04,0x03,0x00,0x00,0x00,0x03,0x04,0x08,0x10,0x00},/*"入",1*/
 02A5           ; /* (12 X 14 , 宋体 )*/
 02A5           ; 
 02A5           ; {0x90,0x90,0x90,0x90,0x90,0x90,0xFC,0x10,0x14,0x18,0x10,0x00},
 02A5           ; {0x10,0x10,0x10,0x0F,0x08,0x08,0x01,0x06,0x08,0x10,0x1C,0x00},/*"式",2*/
 02A5           ; /* (12 X 14 , 宋体 )*/
 02A5           ; 
 02A5           ; {0x80,0xE0,0x1C,0x08,0xA8,0xA8,0xA8,0xAC,0xA8,0xA8,0x08,0x00},
 02A5           ; {0x00,0x1F,0x00,0x00,0x1E,0x0A,0x0A,0x0A,0x0A,0x1E,0x00,0x00},/*"信",3*/
 02A5           ; /* (12 X 14 , 宋体 )*/
 02A5           ; 
 02A5           ; {0x00,0x00,0xF8,0xA8,0xAC,0xA8,0xA8,0xA8,0xF8,0x00,0x00,0x00},
 02A5           ; {0x10,0x0C,0x03,0x1E,0x12,0x16,0x1A,0x12,0x1B,0x04,0x08,0x00},/*"息",4*/
 02A5           ; /* (12 X 14 , 宋体 )*/
 02A5           ; 
 02A5           ; {0x30,0xA8,0x64,0x90,0x20,0x10,0xAC,0x48,0xA8,0x18,0x00,0x00},
 02A5           ; {0x09,0x09,0x05,0x04,0x01,0x01,0x0A,0x0A,0x14,0x01,0x01,0x00},/*"终",5*/
 02A5           ; /* (12 X 14 , 宋体 )*/
 02A5           ; 
 02A5           ; {0xD0,0x14,0xD8,0x10,0x58,0x50,0xD0,0x5C,0x50,0x50,0x58,0x00},
 02A5           ; {0x0D,0x06,0x05,0x04,0x1F,0x01,0x0F,0x01,0x0F,0x11,0x1F,0x00},/*"端",6*/
 02A5           ; /* (12 X 14 , 宋体 )*/
 02A5           ; 
 02A5           ; #endif
 02A5           ;   
 02A5           ; 
 02A5           ;   
 02A5           ; 
